{"/home/tetr/learn/6seniors/rnd/rnd240329/prepare/starting/src/calculate.js": {"path":"/home/tetr/learn/6seniors/rnd/rnd240329/prepare/starting/src/calculate.js","statementMap":{"0":{"start":{"line":20,"column":2},"end":{"line":20,"column":91}},"1":{"start":{"line":20,"column":47},"end":{"line":20,"column":86}}},"fnMap":{"0":{"name":"calculateTotal","decl":{"start":{"line":19,"column":24},"end":{"line":19,"column":38}},"loc":{"start":{"line":19,"column":50},"end":{"line":21,"column":1}},"line":19},"1":{"name":"(anonymous_1)","decl":{"start":{"line":20,"column":26},"end":{"line":20,"column":27}},"loc":{"start":{"line":20,"column":47},"end":{"line":20,"column":86}},"line":20}},"branchMap":{},"s":{"0":1,"1":2},"f":{"0":1,"1":2},"b":{},"_coverageSchema":"1a1c01bbd47fc00a2c39e90264f33305004495a9","hash":"264af451d8e90cb5849426ed7541a875c2ffed70"}
}
